runcpu v6247 started at 2024-06-12 16:25:34 on "shr-work"
runcpu is: /mnt/seconddrive/Code/seguecg-root/segue-lfi/spec2017/bin/harness/runcpu
runcpu: runcpu --action=run --size=ref gcc_r mcf_r x264_r omnetpp_r xalancbmk_r leela_r deepsjeng_r xz_r parest_r namd_r lbm_r povray_r imagick_r nab_r --config=lfi-gcc-baseline
toolset: linux-x86_64
suite: CPU2017 0.0.0

Locating benchmarks...found 47 benchmarks in 53 benchsets.
Reading config file '/mnt/seconddrive/Code/seguecg-root/segue-lfi/spec2017/config/lfi-gcc-baseline.cfg'

2 configurations selected:

 Action    Run Mode   Workload     Report Type      Benchmarks
--------   --------   --------   ----------------   ---------------------------
validate   rate       refrate    SPECrate2017_int   502.gcc_r, 505.mcf_r,      
                                                    520.omnetpp_r,             
                                                    523.xalancbmk_r,           
                                                    525.x264_r,                
                                                    531.deepsjeng_r,           
                                                    541.leela_r, 557.xz_r      
validate   rate       refrate    SPECrate2017_fp    508.namd_r, 510.parest_r,  
                                                    511.povray_r, 519.lbm_r,   
                                                    538.imagick_r, 544.nab_r   
-------------------------------------------------------------------------------

Setting up environment for running 502.gcc_r, 505.mcf_r, 520.omnetpp_r, 523.xalancbmk_r, 525.x264_r, 531.deepsjeng_r, 541.leela_r, 557.xz_r...
Starting runcpu for 502.gcc_r, 505.mcf_r, 520.omnetpp_r, 523.xalancbmk_r, 525.x264_r, 531.deepsjeng_r, 541.leela_r, 557.xz_r...
Running "specperl /mnt/seconddrive/Code/seguecg-root/segue-lfi/spec2017/bin/sysinfo" to gather system information.
sysinfo: r6365 of 2019-08-21 (295195f888a3d7edb1e6e46a485a0011)
sysinfo: Getting system information for Linux...
sysinfo: ...getting CPU info
sysinfo: ...getting info from numactl
sysinfo: ...getting memory info
sysinfo: ...getting OS info
Retrieving flags file (/mnt/seconddrive/Code/seguecg-root/segue-lfi/spec2017/config/flags/gcc.xml)...
Verbosity = 5
Action    = validate
Tune      = base
Label     = lfi-gcc-baseline-m64
Size      = refrate
benchmarks= 502.gcc_r,505.mcf_r,520.omnetpp_r,523.xalancbmk_r,525.x264_r,531.deepsjeng_r,541.leela_r,557.xz_r
outputs   = txt,html,cfg,pdf,csv
username  = shr
Environment settings:
LD_LIBRARY_PATH = "%{gcc_dir}/lib64/:%{gcc_dir}/lib/:/lib64"

Benchmarks selected: 502.gcc_r, 505.mcf_r, 520.omnetpp_r, 523.xalancbmk_r, 525.x264_r, 531.deepsjeng_r, 541.leela_r, 557.xz_r
When checking executables (/mnt/seconddrive/Code/seguecg-root/segue-lfi/spec2017/benchspec/CPU/502.gcc_r/exe/cpugcc_r_base.lfi-gcc-baseline-m64), no checksums were
  found in the config file.  They will be installed after build.
When checking executables (/mnt/seconddrive/Code/seguecg-root/segue-lfi/spec2017/benchspec/CPU/505.mcf_r/exe/mcf_r_base.lfi-gcc-baseline-m64), no checksums were
  found in the config file.  They will be installed after build.
When checking executables (/mnt/seconddrive/Code/seguecg-root/segue-lfi/spec2017/benchspec/CPU/520.omnetpp_r/exe/omnetpp_r_base.lfi-gcc-baseline-m64), no checksums were
  found in the config file.  They will be installed after build.
When checking executables (/mnt/seconddrive/Code/seguecg-root/segue-lfi/spec2017/benchspec/CPU/523.xalancbmk_r/exe/cpuxalan_r_base.lfi-gcc-baseline-m64), no checksums were
  found in the config file.  They will be installed after build.
When checking executables (/mnt/seconddrive/Code/seguecg-root/segue-lfi/spec2017/benchspec/CPU/525.x264_r/exe/imagevalidate_525_base.lfi-gcc-baseline-m64,/mnt/seconddrive/Code/seguecg-root/segue-lfi/spec2017/benchspec/CPU/525.x264_r/exe/ldecod_r_base.lfi-gcc-baseline-m64,/mnt/seconddrive/Code/seguecg-root/segue-lfi/spec2017/benchspec/CPU/525.x264_r/exe/x264_r_base.lfi-gcc-baseline-m64), no checksums were
  found in the config file.  They will be installed after build.
When checking executables (/mnt/seconddrive/Code/seguecg-root/segue-lfi/spec2017/benchspec/CPU/531.deepsjeng_r/exe/deepsjeng_r_base.lfi-gcc-baseline-m64), no checksums were
  found in the config file.  They will be installed after build.
When checking executables (/mnt/seconddrive/Code/seguecg-root/segue-lfi/spec2017/benchspec/CPU/541.leela_r/exe/leela_r_base.lfi-gcc-baseline-m64), no checksums were
  found in the config file.  They will be installed after build.
When checking executables (/mnt/seconddrive/Code/seguecg-root/segue-lfi/spec2017/benchspec/CPU/557.xz_r/exe/xz_r_base.lfi-gcc-baseline-m64), no checksums were
  found in the config file.  They will be installed after build.
When checking executables (/mnt/seconddrive/Code/seguecg-root/segue-lfi/spec2017/benchspec/CPU/502.gcc_r/exe/cpugcc_r_base.lfi-gcc-baseline-m64), no checksums were
  found in the config file.  They will be installed after build.
When checking executables (/mnt/seconddrive/Code/seguecg-root/segue-lfi/spec2017/benchspec/CPU/505.mcf_r/exe/mcf_r_base.lfi-gcc-baseline-m64), no checksums were
  found in the config file.  They will be installed after build.
When checking executables (/mnt/seconddrive/Code/seguecg-root/segue-lfi/spec2017/benchspec/CPU/520.omnetpp_r/exe/omnetpp_r_base.lfi-gcc-baseline-m64), no checksums were
  found in the config file.  They will be installed after build.
When checking executables (/mnt/seconddrive/Code/seguecg-root/segue-lfi/spec2017/benchspec/CPU/523.xalancbmk_r/exe/cpuxalan_r_base.lfi-gcc-baseline-m64), no checksums were
  found in the config file.  They will be installed after build.
When checking executables (/mnt/seconddrive/Code/seguecg-root/segue-lfi/spec2017/benchspec/CPU/525.x264_r/exe/imagevalidate_525_base.lfi-gcc-baseline-m64,/mnt/seconddrive/Code/seguecg-root/segue-lfi/spec2017/benchspec/CPU/525.x264_r/exe/ldecod_r_base.lfi-gcc-baseline-m64,/mnt/seconddrive/Code/seguecg-root/segue-lfi/spec2017/benchspec/CPU/525.x264_r/exe/x264_r_base.lfi-gcc-baseline-m64), no checksums were
  found in the config file.  They will be installed after build.
When checking executables (/mnt/seconddrive/Code/seguecg-root/segue-lfi/spec2017/benchspec/CPU/531.deepsjeng_r/exe/deepsjeng_r_base.lfi-gcc-baseline-m64), no checksums were
  found in the config file.  They will be installed after build.
When checking executables (/mnt/seconddrive/Code/seguecg-root/segue-lfi/spec2017/benchspec/CPU/541.leela_r/exe/leela_r_base.lfi-gcc-baseline-m64), no checksums were
  found in the config file.  They will be installed after build.
When checking executables (/mnt/seconddrive/Code/seguecg-root/segue-lfi/spec2017/benchspec/CPU/557.xz_r/exe/xz_r_base.lfi-gcc-baseline-m64), no checksums were
  found in the config file.  They will be installed after build.
Compiling Binaries
------------------------------------------------------------------------
When checking options for /mnt/seconddrive/Code/seguecg-root/segue-lfi/spec2017/benchspec/CPU/502.gcc_r/exe/cpugcc_r_base.lfi-gcc-baseline-m64, no checksums were
  found in the config file.  They will be installed after build.
When checking executables (/mnt/seconddrive/Code/seguecg-root/segue-lfi/spec2017/benchspec/CPU/502.gcc_r/exe/cpugcc_r_base.lfi-gcc-baseline-m64), no checksums were
  found in the config file.  They will be installed after build.
  Building 502.gcc_r base lfi-gcc-baseline-m64: (build_base_lfi-gcc-baseline-m64.0000) [2024-06-12 16:25:35]
  Compile for '502.gcc_r' started at: 2024-06-12 16:25:35 (1718227535)
Issuing make.clean command 'specmake --output-sync --jobs=1 clean'
Start make.clean command: 2024-06-12 16:25:35 (1718227535.88661)
specmake[1]: Entering directory '/mnt/seconddrive/Code/seguecg-root/segue-lfi/spec2017/benchspec/CPU/502.gcc_r/build/build_base_lfi-gcc-baseline-m64.0000'
rm -rf *.o  200.opts-O3_-finline-limit_50000.s scilab.opts-O3_-finline-limit_50000.s train01.opts-O3_-finline-limit_50000.s
find . \( -name \*.o -o -name '*.fppized.f*' -o -name '*.i' -o -name '*.mod' \) -print | xargs rm -rf
rm -rf cpugcc_r
rm -rf cpugcc_r.exe
rm -rf core
specmake[1]: Leaving directory '/mnt/seconddrive/Code/seguecg-root/segue-lfi/spec2017/benchspec/CPU/502.gcc_r/build/build_base_lfi-gcc-baseline-m64.0000'
Stop make.clean command: 2024-06-12 16:25:36 (1718227536.06139)
Elapsed time for make.clean command: 00:00:00 (0.174775123596191)
Issuing make command 'specmake --output-sync --jobs=1 build'
Start make command: 2024-06-12 16:25:36 (1718227536.06251)
specmake[1]: Entering directory '/mnt/seconddrive/Code/seguecg-root/segue-lfi/spec2017/benchspec/CPU/502.gcc_r/build/build_base_lfi-gcc-baseline-m64.0000'
/opt/lfi-amd64-baseline-old/bin/x86_64-linux-musl-gcc     -std=c99    -c -o main.o -DSPEC -DNDEBUG -I. -I./include -I./spec_qsort -DSPEC_502 -DSPEC_AUTO_SUPPRESS_OPENMP -DIN_GCC -DHAVE_CONFIG_H  -O3 -fomit-frame-pointer -flto        -fwrapv    -fno-strict-aliasing -fgnu89-inline   -DSPEC_LP64  main.c
specmake[1]: /opt/lfi-amd64-baseline-old/bin/x86_64-linux-musl-gcc: Command not found
specmake[1]: *** [/mnt/seconddrive/Code/seguecg-root/segue-lfi/spec2017/benchspec/Makefile.defaults:347: main.o] Error 127
specmake[1]: Leaving directory '/mnt/seconddrive/Code/seguecg-root/segue-lfi/spec2017/benchspec/CPU/502.gcc_r/build/build_base_lfi-gcc-baseline-m64.0000'
Stop make command: 2024-06-12 16:25:36 (1718227536.23077)
Elapsed time for make command: 00:00:00 (0.168256998062134)
Error with make 'specmake --output-sync --jobs=1 build':
  ----------------------------------------------------------------------------
  Please review this file:
    "/mnt/seconddrive/Code/seguecg-root/segue-lfi/spec2017/benchspec/CPU/502.gcc_r/build/build_base_lfi-gcc-baseline-m64.0000/make.out"
  ----------------------------------------------------------------------------
  Command returned exit code 2
  Error with make!
  Compile for '502.gcc_r' ended at: 2024-06-12 16:25:36 (1718227536)
  Elapsed compile for '502.gcc_r': 00:00:01 (1)
*** Error building 502.gcc_r base
------------------------------------------------------------------------
When checking options for /mnt/seconddrive/Code/seguecg-root/segue-lfi/spec2017/benchspec/CPU/505.mcf_r/exe/mcf_r_base.lfi-gcc-baseline-m64, no checksums were
  found in the config file.  They will be installed after build.
When checking executables (/mnt/seconddrive/Code/seguecg-root/segue-lfi/spec2017/benchspec/CPU/505.mcf_r/exe/mcf_r_base.lfi-gcc-baseline-m64), no checksums were
  found in the config file.  They will be installed after build.
  Building 505.mcf_r base lfi-gcc-baseline-m64: (build_base_lfi-gcc-baseline-m64.0000) [2024-06-12 16:25:36]
  Compile for '505.mcf_r' started at: 2024-06-12 16:25:36 (1718227536)
Issuing make.clean command 'specmake --output-sync --jobs=1 clean'
Start make.clean command: 2024-06-12 16:25:36 (1718227536.2639)
specmake[1]: Entering directory '/mnt/seconddrive/Code/seguecg-root/segue-lfi/spec2017/benchspec/CPU/505.mcf_r/build/build_base_lfi-gcc-baseline-m64.0000'
rm -rf *.o  inp.out mcf.out
find . \( -name \*.o -o -name '*.fppized.f*' -o -name '*.i' -o -name '*.mod' \) -print | xargs rm -rf
rm -rf mcf_r
rm -rf mcf_r.exe
rm -rf core
specmake[1]: Leaving directory '/mnt/seconddrive/Code/seguecg-root/segue-lfi/spec2017/benchspec/CPU/505.mcf_r/build/build_base_lfi-gcc-baseline-m64.0000'
Stop make.clean command: 2024-06-12 16:25:36 (1718227536.42825)
Elapsed time for make.clean command: 00:00:00 (0.164354085922241)
Issuing make command 'specmake --output-sync --jobs=1 build'
Start make command: 2024-06-12 16:25:36 (1718227536.42928)
specmake[1]: Entering directory '/mnt/seconddrive/Code/seguecg-root/segue-lfi/spec2017/benchspec/CPU/505.mcf_r/build/build_base_lfi-gcc-baseline-m64.0000'
/opt/lfi-amd64-baseline-old/bin/x86_64-linux-musl-gcc     -std=c99    -c -o mcf.o -DSPEC -DNDEBUG  -Ispec_qsort -DSPEC_AUTO_SUPPRESS_OPENMP -O3 -fomit-frame-pointer -flto            -fno-strict-aliasing -fgnu89-inline   -DSPEC_LP64  mcf.c
specmake[1]: /opt/lfi-amd64-baseline-old/bin/x86_64-linux-musl-gcc: Command not found
specmake[1]: *** [/mnt/seconddrive/Code/seguecg-root/segue-lfi/spec2017/benchspec/Makefile.defaults:347: mcf.o] Error 127
specmake[1]: Leaving directory '/mnt/seconddrive/Code/seguecg-root/segue-lfi/spec2017/benchspec/CPU/505.mcf_r/build/build_base_lfi-gcc-baseline-m64.0000'
Stop make command: 2024-06-12 16:25:36 (1718227536.58896)
Elapsed time for make command: 00:00:00 (0.159677028656006)
Error with make 'specmake --output-sync --jobs=1 build':
  ----------------------------------------------------------------------------
  Please review this file:
    "/mnt/seconddrive/Code/seguecg-root/segue-lfi/spec2017/benchspec/CPU/505.mcf_r/build/build_base_lfi-gcc-baseline-m64.0000/make.out"
  ----------------------------------------------------------------------------
  Command returned exit code 2
  Error with make!
  Compile for '505.mcf_r' ended at: 2024-06-12 16:25:36 (1718227536)
  Elapsed compile for '505.mcf_r': 00:00:00 (0)
*** Error building 505.mcf_r base
------------------------------------------------------------------------
When checking options for /mnt/seconddrive/Code/seguecg-root/segue-lfi/spec2017/benchspec/CPU/520.omnetpp_r/exe/omnetpp_r_base.lfi-gcc-baseline-m64, no checksums were
  found in the config file.  They will be installed after build.
When checking executables (/mnt/seconddrive/Code/seguecg-root/segue-lfi/spec2017/benchspec/CPU/520.omnetpp_r/exe/omnetpp_r_base.lfi-gcc-baseline-m64), no checksums were
  found in the config file.  They will be installed after build.
  Building 520.omnetpp_r base lfi-gcc-baseline-m64: (build_base_lfi-gcc-baseline-m64.0000) [2024-06-12 16:25:36]
  Compile for '520.omnetpp_r' started at: 2024-06-12 16:25:36 (1718227536)
Issuing make.clean command 'specmake --output-sync --jobs=1 clean'
Start make.clean command: 2024-06-12 16:25:36 (1718227536.65553)
specmake[1]: Entering directory '/mnt/seconddrive/Code/seguecg-root/segue-lfi/spec2017/benchspec/CPU/520.omnetpp_r/build/build_base_lfi-gcc-baseline-m64.0000'
rm -rf *.o  General-0.sca
find . \( -name \*.o -o -name '*.fppized.f*' -o -name '*.i' -o -name '*.mod' \) -print | xargs rm -rf
rm -rf omnetpp_r
rm -rf omnetpp_r.exe
rm -rf core
specmake[1]: Leaving directory '/mnt/seconddrive/Code/seguecg-root/segue-lfi/spec2017/benchspec/CPU/520.omnetpp_r/build/build_base_lfi-gcc-baseline-m64.0000'
Stop make.clean command: 2024-06-12 16:25:36 (1718227536.82134)
Elapsed time for make.clean command: 00:00:00 (0.165807008743286)
Issuing make command 'specmake --output-sync --jobs=1 build'
Start make command: 2024-06-12 16:25:36 (1718227536.82252)
specmake[1]: Entering directory '/mnt/seconddrive/Code/seguecg-root/segue-lfi/spec2017/benchspec/CPU/520.omnetpp_r/build/build_base_lfi-gcc-baseline-m64.0000'
/opt/lfi-amd64-baseline-old/bin/x86_64-linux-musl-g++ -std=c++03  -c -o simulator/fileoutscalarmgr.o -DSPEC -DNDEBUG -Isimulator/platdep -Isimulator -Imodel -DWITH_NETBUILDER -DSPEC_AUTO_SUPPRESS_OPENMP  -O3 -fomit-frame-pointer -flto    -D_LARGEFILE64_SOURCE     -DSPEC_LP64  simulator/fileoutscalarmgr.cc
specmake[1]: /opt/lfi-amd64-baseline-old/bin/x86_64-linux-musl-g++: Command not found
specmake[1]: *** [/mnt/seconddrive/Code/seguecg-root/segue-lfi/spec2017/benchspec/Makefile.defaults:356: simulator/fileoutscalarmgr.o] Error 127
specmake[1]: Leaving directory '/mnt/seconddrive/Code/seguecg-root/segue-lfi/spec2017/benchspec/CPU/520.omnetpp_r/build/build_base_lfi-gcc-baseline-m64.0000'
Stop make command: 2024-06-12 16:25:36 (1718227536.98303)
Elapsed time for make command: 00:00:00 (0.160511016845703)
Error with make 'specmake --output-sync --jobs=1 build':
  ----------------------------------------------------------------------------
  Please review this file:
    "/mnt/seconddrive/Code/seguecg-root/segue-lfi/spec2017/benchspec/CPU/520.omnetpp_r/build/build_base_lfi-gcc-baseline-m64.0000/make.out"
  ----------------------------------------------------------------------------
  Command returned exit code 2
  Error with make!
  Compile for '520.omnetpp_r' ended at: 2024-06-12 16:25:36 (1718227536)
  Elapsed compile for '520.omnetpp_r': 00:00:00 (0)
*** Error building 520.omnetpp_r base
------------------------------------------------------------------------
When checking options for /mnt/seconddrive/Code/seguecg-root/segue-lfi/spec2017/benchspec/CPU/523.xalancbmk_r/exe/cpuxalan_r_base.lfi-gcc-baseline-m64, no checksums were
  found in the config file.  They will be installed after build.
When checking executables (/mnt/seconddrive/Code/seguecg-root/segue-lfi/spec2017/benchspec/CPU/523.xalancbmk_r/exe/cpuxalan_r_base.lfi-gcc-baseline-m64), no checksums were
  found in the config file.  They will be installed after build.
  Building 523.xalancbmk_r base lfi-gcc-baseline-m64: (build_base_lfi-gcc-baseline-m64.0000) [2024-06-12 16:25:36]
  Compile for '523.xalancbmk_r' started at: 2024-06-12 16:25:37 (1718227537)
Issuing make.clean command 'specmake --output-sync --jobs=1 clean'
Start make.clean command: 2024-06-12 16:25:37 (1718227537.18582)
specmake[1]: Entering directory '/mnt/seconddrive/Code/seguecg-root/segue-lfi/spec2017/benchspec/CPU/523.xalancbmk_r/build/build_base_lfi-gcc-baseline-m64.0000'
rm -rf *.o  train-allbooks.out
find . \( -name \*.o -o -name '*.fppized.f*' -o -name '*.i' -o -name '*.mod' \) -print | xargs rm -rf
rm -rf cpuxalan_r
rm -rf cpuxalan_r.exe
rm -rf core
specmake[1]: Leaving directory '/mnt/seconddrive/Code/seguecg-root/segue-lfi/spec2017/benchspec/CPU/523.xalancbmk_r/build/build_base_lfi-gcc-baseline-m64.0000'
Stop make.clean command: 2024-06-12 16:25:37 (1718227537.35634)
Elapsed time for make.clean command: 00:00:00 (0.170516967773438)
Issuing make command 'specmake --output-sync --jobs=1 build'
Start make command: 2024-06-12 16:25:37 (1718227537.35741)
specmake[1]: Entering directory '/mnt/seconddrive/Code/seguecg-root/segue-lfi/spec2017/benchspec/CPU/523.xalancbmk_r/build/build_base_lfi-gcc-baseline-m64.0000'
/opt/lfi-amd64-baseline-old/bin/x86_64-linux-musl-g++ -std=c++03  -c -o AIXPlatformUtils.o -DSPEC -DNDEBUG  -DAPP_NO_THREADS -DXALAN_INMEM_MSG_LOADER -I. -Ixercesc -Ixercesc/dom -Ixercesc/dom/impl -Ixercesc/sax -Ixercesc/util/MsgLoaders/InMemory -Ixercesc/util/Transcoders/Iconv -Ixalanc/include -DPROJ_XMLPARSER -DPROJ_XMLUTIL -DPROJ_PARSERS -DPROJ_SAX4C -DPROJ_SAX2 -DPROJ_DOM -DPROJ_VALIDATORS -DXML_USE_INMEM_MESSAGELOADER -DSPEC_AUTO_SUPPRESS_OPENMP -O3 -fomit-frame-pointer -flto    -DSPEC_LINUX     -DSPEC_LP64  AIXPlatformUtils.cpp
specmake[1]: /opt/lfi-amd64-baseline-old/bin/x86_64-linux-musl-g++: Command not found
specmake[1]: *** [/mnt/seconddrive/Code/seguecg-root/segue-lfi/spec2017/benchspec/Makefile.defaults:366: AIXPlatformUtils.o] Error 127
specmake[1]: Leaving directory '/mnt/seconddrive/Code/seguecg-root/segue-lfi/spec2017/benchspec/CPU/523.xalancbmk_r/build/build_base_lfi-gcc-baseline-m64.0000'
Stop make command: 2024-06-12 16:25:37 (1718227537.51898)
Elapsed time for make command: 00:00:00 (0.161561965942383)
Error with make 'specmake --output-sync --jobs=1 build':
  ----------------------------------------------------------------------------
  Please review this file:
    "/mnt/seconddrive/Code/seguecg-root/segue-lfi/spec2017/benchspec/CPU/523.xalancbmk_r/build/build_base_lfi-gcc-baseline-m64.0000/make.out"
  ----------------------------------------------------------------------------
  Command returned exit code 2
  Error with make!
  Compile for '523.xalancbmk_r' ended at: 2024-06-12 16:25:37 (1718227537)
  Elapsed compile for '523.xalancbmk_r': 00:00:00 (0)
*** Error building 523.xalancbmk_r base
------------------------------------------------------------------------
When checking options for /mnt/seconddrive/Code/seguecg-root/segue-lfi/spec2017/benchspec/CPU/525.x264_r/exe/imagevalidate_525_base.lfi-gcc-baseline-m64,/mnt/seconddrive/Code/seguecg-root/segue-lfi/spec2017/benchspec/CPU/525.x264_r/exe/ldecod_r_base.lfi-gcc-baseline-m64,/mnt/seconddrive/Code/seguecg-root/segue-lfi/spec2017/benchspec/CPU/525.x264_r/exe/x264_r_base.lfi-gcc-baseline-m64, no checksums were
  found in the config file.  They will be installed after build.
When checking executables (/mnt/seconddrive/Code/seguecg-root/segue-lfi/spec2017/benchspec/CPU/525.x264_r/exe/imagevalidate_525_base.lfi-gcc-baseline-m64,/mnt/seconddrive/Code/seguecg-root/segue-lfi/spec2017/benchspec/CPU/525.x264_r/exe/ldecod_r_base.lfi-gcc-baseline-m64,/mnt/seconddrive/Code/seguecg-root/segue-lfi/spec2017/benchspec/CPU/525.x264_r/exe/x264_r_base.lfi-gcc-baseline-m64), no checksums were
  found in the config file.  They will be installed after build.
  Building 525.x264_r base lfi-gcc-baseline-m64: (build_base_lfi-gcc-baseline-m64.0000) [2024-06-12 16:25:37]
  Compile for '525.x264_r' started at: 2024-06-12 16:25:37 (1718227537)
Issuing make.clean.imagevalidate_525 command 'specmake --output-sync --jobs=1 clean TARGET=imagevalidate_525'
Start make.clean.imagevalidate_525 command: 2024-06-12 16:25:37 (1718227537.59783)
specmake[1]: Entering directory '/mnt/seconddrive/Code/seguecg-root/segue-lfi/spec2017/benchspec/CPU/525.x264_r/build/build_base_lfi-gcc-baseline-m64.0000'
rm -rf *.o  imagevalidate_frame_100.out imagevalidate_frame_141.out imagevalidate_frame_50.out
Info: file_tail(4191762): file 'make.clean.imagevalidate_525.out' was removed and will no longer be followed.  No action is required.
Stop make.clean.imagevalidate_525 command: 2024-06-12 16:25:37 (1718227537.76246)
Elapsed time for make.clean.imagevalidate_525 command: 00:00:00 (0.164626121520996)
Issuing make.clean.ldecod_r command 'specmake --output-sync --jobs=1 clean TARGET=ldecod_r'
Start make.clean.ldecod_r command: 2024-06-12 16:25:37 (1718227537.76371)
Stop make.clean.ldecod_r command: 2024-06-12 16:25:37 (1718227537.93004)
Elapsed time for make.clean.ldecod_r command: 00:00:00 (0.166330814361572)
Issuing make.clean.x264_r command 'specmake --output-sync --jobs=1 clean TARGET=x264_r'
Start make.clean.x264_r command: 2024-06-12 16:25:37 (1718227537.93114)
specmake[1]: Entering directory '/mnt/seconddrive/Code/seguecg-root/segue-lfi/spec2017/benchspec/CPU/525.x264_r/build/build_base_lfi-gcc-baseline-m64.0000'
rm -rf *.o  imagevalidate_frame_100.out imagevalidate_frame_141.out imagevalidate_frame_50.out
Info: file_tail(4191787): file 'make.clean.x264_r.out' was removed and will no longer be followed.  No action is required.
Stop make.clean.x264_r command: 2024-06-12 16:25:38 (1718227538.09597)
Elapsed time for make.clean.x264_r command: 00:00:00 (0.164830923080444)
Issuing make.imagevalidate_525 command 'specmake --output-sync --jobs=1 build TARGET=imagevalidate_525'
Start make.imagevalidate_525 command: 2024-06-12 16:25:38 (1718227538.09734)
specmake[1]: Entering directory '/mnt/seconddrive/Code/seguecg-root/segue-lfi/spec2017/benchspec/CPU/525.x264_r/build/build_base_lfi-gcc-baseline-m64.0000'
/opt/lfi-amd64-baseline-old/bin/x86_64-linux-musl-gcc     -std=c99    -c -o image_validator/ImageValidator.o -DSPEC -DNDEBUG -Ildecod_src/inc -Ix264_src -Ix264_src/extras -Ix264_src/common -DSPEC_AUTO_SUPPRESS_OPENMP -DSPEC_AUTO_BYTEORDER=0x12345678  -O3 -fomit-frame-pointer -flto        -fcommon    -fno-strict-aliasing -fgnu89-inline   -DSPEC_LP64  image_validator/ImageValidator.c
specmake[1]: /opt/lfi-amd64-baseline-old/bin/x86_64-linux-musl-gcc: Command not found
specmake[1]: *** [/mnt/seconddrive/Code/seguecg-root/segue-lfi/spec2017/benchspec/Makefile.defaults:347: image_validator/ImageValidator.o] Error 127
specmake[1]: Leaving directory '/mnt/seconddrive/Code/seguecg-root/segue-lfi/spec2017/benchspec/CPU/525.x264_r/build/build_base_lfi-gcc-baseline-m64.0000'
Stop make.imagevalidate_525 command: 2024-06-12 16:25:38 (1718227538.258)
Elapsed time for make.imagevalidate_525 command: 00:00:00 (0.160660982131958)
Error with make.imagevalidate_525 'specmake --output-sync --jobs=1 build TARGET=imagevalidate_525':
  ----------------------------------------------------------------------------
  Please review this file:
    "/mnt/seconddrive/Code/seguecg-root/segue-lfi/spec2017/benchspec/CPU/525.x264_r/build/build_base_lfi-gcc-baseline-m64.0000/make.imagevalidate_525.out"
  ----------------------------------------------------------------------------
  Command returned exit code 2
  Error with make!
  Compile for '525.x264_r' ended at: 2024-06-12 16:25:38 (1718227538)
  Elapsed compile for '525.x264_r': 00:00:01 (1)
*** Error building 525.x264_r base
------------------------------------------------------------------------
When checking options for /mnt/seconddrive/Code/seguecg-root/segue-lfi/spec2017/benchspec/CPU/531.deepsjeng_r/exe/deepsjeng_r_base.lfi-gcc-baseline-m64, no checksums were
  found in the config file.  They will be installed after build.
When checking executables (/mnt/seconddrive/Code/seguecg-root/segue-lfi/spec2017/benchspec/CPU/531.deepsjeng_r/exe/deepsjeng_r_base.lfi-gcc-baseline-m64), no checksums were
  found in the config file.  They will be installed after build.
  Building 531.deepsjeng_r base lfi-gcc-baseline-m64: (build_base_lfi-gcc-baseline-m64.0000) [2024-06-12 16:25:38]
  Compile for '531.deepsjeng_r' started at: 2024-06-12 16:25:38 (1718227538)
Issuing make.clean command 'specmake --output-sync --jobs=1 clean'
Start make.clean command: 2024-06-12 16:25:38 (1718227538.29196)
specmake[1]: Entering directory '/mnt/seconddrive/Code/seguecg-root/segue-lfi/spec2017/benchspec/CPU/531.deepsjeng_r/build/build_base_lfi-gcc-baseline-m64.0000'
rm -rf *.o  train.out
find . \( -name \*.o -o -name '*.fppized.f*' -o -name '*.i' -o -name '*.mod' \) -print | xargs rm -rf
rm -rf deepsjeng_r
rm -rf deepsjeng_r.exe
rm -rf core
specmake[1]: Leaving directory '/mnt/seconddrive/Code/seguecg-root/segue-lfi/spec2017/benchspec/CPU/531.deepsjeng_r/build/build_base_lfi-gcc-baseline-m64.0000'
Stop make.clean command: 2024-06-12 16:25:38 (1718227538.45628)
Elapsed time for make.clean command: 00:00:00 (0.164315938949585)
Issuing make command 'specmake --output-sync --jobs=1 build'
Start make command: 2024-06-12 16:25:38 (1718227538.45735)
specmake[1]: Entering directory '/mnt/seconddrive/Code/seguecg-root/segue-lfi/spec2017/benchspec/CPU/531.deepsjeng_r/build/build_base_lfi-gcc-baseline-m64.0000'
/opt/lfi-amd64-baseline-old/bin/x86_64-linux-musl-g++ -std=c++03  -c -o attacks.o -DSPEC -DNDEBUG -DSMALL_MEMORY -DSPEC_AUTO_SUPPRESS_OPENMP  -O3 -fomit-frame-pointer -flto         -DSPEC_LP64  attacks.cpp
specmake[1]: /opt/lfi-amd64-baseline-old/bin/x86_64-linux-musl-g++: Command not found
specmake[1]: *** [/mnt/seconddrive/Code/seguecg-root/segue-lfi/spec2017/benchspec/Makefile.defaults:366: attacks.o] Error 127
specmake[1]: Leaving directory '/mnt/seconddrive/Code/seguecg-root/segue-lfi/spec2017/benchspec/CPU/531.deepsjeng_r/build/build_base_lfi-gcc-baseline-m64.0000'
Stop make command: 2024-06-12 16:25:38 (1718227538.61702)
Elapsed time for make command: 00:00:00 (0.159670114517212)
Error with make 'specmake --output-sync --jobs=1 build':
  ----------------------------------------------------------------------------
  Please review this file:
    "/mnt/seconddrive/Code/seguecg-root/segue-lfi/spec2017/benchspec/CPU/531.deepsjeng_r/build/build_base_lfi-gcc-baseline-m64.0000/make.out"
  ----------------------------------------------------------------------------
  Command returned exit code 2
  Error with make!
  Compile for '531.deepsjeng_r' ended at: 2024-06-12 16:25:38 (1718227538)
  Elapsed compile for '531.deepsjeng_r': 00:00:00 (0)
*** Error building 531.deepsjeng_r base
------------------------------------------------------------------------
When checking options for /mnt/seconddrive/Code/seguecg-root/segue-lfi/spec2017/benchspec/CPU/541.leela_r/exe/leela_r_base.lfi-gcc-baseline-m64, no checksums were
  found in the config file.  They will be installed after build.
When checking executables (/mnt/seconddrive/Code/seguecg-root/segue-lfi/spec2017/benchspec/CPU/541.leela_r/exe/leela_r_base.lfi-gcc-baseline-m64), no checksums were
  found in the config file.  They will be installed after build.
  Building 541.leela_r base lfi-gcc-baseline-m64: (build_base_lfi-gcc-baseline-m64.0000) [2024-06-12 16:25:38]
  Compile for '541.leela_r' started at: 2024-06-12 16:25:38 (1718227538)
Issuing make.clean command 'specmake --output-sync --jobs=1 clean'
Start make.clean command: 2024-06-12 16:25:38 (1718227538.68622)
specmake[1]: Entering directory '/mnt/seconddrive/Code/seguecg-root/segue-lfi/spec2017/benchspec/CPU/541.leela_r/build/build_base_lfi-gcc-baseline-m64.0000'
rm -rf *.o  train.out
find . \( -name \*.o -o -name '*.fppized.f*' -o -name '*.i' -o -name '*.mod' \) -print | xargs rm -rf
rm -rf leela_r
rm -rf leela_r.exe
rm -rf core
specmake[1]: Leaving directory '/mnt/seconddrive/Code/seguecg-root/segue-lfi/spec2017/benchspec/CPU/541.leela_r/build/build_base_lfi-gcc-baseline-m64.0000'
Stop make.clean command: 2024-06-12 16:25:38 (1718227538.84401)
Elapsed time for make.clean command: 00:00:00 (0.157791137695312)
Issuing make command 'specmake --output-sync --jobs=1 build'
Start make command: 2024-06-12 16:25:38 (1718227538.84464)
specmake[1]: Entering directory '/mnt/seconddrive/Code/seguecg-root/segue-lfi/spec2017/benchspec/CPU/541.leela_r/build/build_base_lfi-gcc-baseline-m64.0000'
/opt/lfi-amd64-baseline-old/bin/x86_64-linux-musl-g++ -std=c++03  -c -o FullBoard.o -DSPEC -DNDEBUG -I. -DSPEC_AUTO_SUPPRESS_OPENMP  -O3 -fomit-frame-pointer -flto         -DSPEC_LP64  FullBoard.cpp
specmake[1]: /opt/lfi-amd64-baseline-old/bin/x86_64-linux-musl-g++: Command not found
specmake[1]: *** [/mnt/seconddrive/Code/seguecg-root/segue-lfi/spec2017/benchspec/Makefile.defaults:366: FullBoard.o] Error 127
specmake[1]: Leaving directory '/mnt/seconddrive/Code/seguecg-root/segue-lfi/spec2017/benchspec/CPU/541.leela_r/build/build_base_lfi-gcc-baseline-m64.0000'
Stop make command: 2024-06-12 16:25:39 (1718227539.00108)
Elapsed time for make command: 00:00:00 (0.156431913375854)
Error with make 'specmake --output-sync --jobs=1 build':
  ----------------------------------------------------------------------------
  Please review this file:
    "/mnt/seconddrive/Code/seguecg-root/segue-lfi/spec2017/benchspec/CPU/541.leela_r/build/build_base_lfi-gcc-baseline-m64.0000/make.out"
  ----------------------------------------------------------------------------
  Command returned exit code 2
  Error with make!
  Compile for '541.leela_r' ended at: 2024-06-12 16:25:39 (1718227539)
  Elapsed compile for '541.leela_r': 00:00:01 (1)
*** Error building 541.leela_r base
------------------------------------------------------------------------
When checking options for /mnt/seconddrive/Code/seguecg-root/segue-lfi/spec2017/benchspec/CPU/557.xz_r/exe/xz_r_base.lfi-gcc-baseline-m64, no checksums were
  found in the config file.  They will be installed after build.
When checking executables (/mnt/seconddrive/Code/seguecg-root/segue-lfi/spec2017/benchspec/CPU/557.xz_r/exe/xz_r_base.lfi-gcc-baseline-m64), no checksums were
  found in the config file.  They will be installed after build.
  Building 557.xz_r base lfi-gcc-baseline-m64: (build_base_lfi-gcc-baseline-m64.0000) [2024-06-12 16:25:39]
  Compile for '557.xz_r' started at: 2024-06-12 16:25:39 (1718227539)
Issuing make.clean command 'specmake --output-sync --jobs=1 clean'
Start make.clean command: 2024-06-12 16:25:39 (1718227539.04955)
specmake[1]: Entering directory '/mnt/seconddrive/Code/seguecg-root/segue-lfi/spec2017/benchspec/CPU/557.xz_r/build/build_base_lfi-gcc-baseline-m64.0000'
rm -rf *.o  IMG_2560.cr2-40-4.out input.combined-40-8.out
find . \( -name \*.o -o -name '*.fppized.f*' -o -name '*.i' -o -name '*.mod' \) -print | xargs rm -rf
rm -rf xz_r
rm -rf xz_r.exe
rm -rf core
specmake[1]: Leaving directory '/mnt/seconddrive/Code/seguecg-root/segue-lfi/spec2017/benchspec/CPU/557.xz_r/build/build_base_lfi-gcc-baseline-m64.0000'
Stop make.clean command: 2024-06-12 16:25:39 (1718227539.21556)
Elapsed time for make.clean command: 00:00:00 (0.166007995605469)
Issuing make command 'specmake --output-sync --jobs=1 build'
Start make command: 2024-06-12 16:25:39 (1718227539.21661)
specmake[1]: Entering directory '/mnt/seconddrive/Code/seguecg-root/segue-lfi/spec2017/benchspec/CPU/557.xz_r/build/build_base_lfi-gcc-baseline-m64.0000'
/opt/lfi-amd64-baseline-old/bin/x86_64-linux-musl-gcc     -std=c99    -c -o spec.o -DSPEC -DNDEBUG -DSPEC_AUTO_BYTEORDER=0x12345678 -DHAVE_CONFIG_H=1 -DSPEC_MEM_IO -DSPEC_XZ -DSPEC_AUTO_SUPPRESS_OPENMP -I. -Ispec_mem_io -Isha-2 -Icommon -Iliblzma/api -Iliblzma/lzma -Iliblzma/common -Iliblzma/check -Iliblzma/simple -Iliblzma/delta -Iliblzma/lz -Iliblzma/rangecoder  -O3 -fomit-frame-pointer -flto            -fno-strict-aliasing -fgnu89-inline   -DSPEC_LP64  spec.c
specmake[1]: /opt/lfi-amd64-baseline-old/bin/x86_64-linux-musl-gcc: Command not found
specmake[1]: *** [/mnt/seconddrive/Code/seguecg-root/segue-lfi/spec2017/benchspec/Makefile.defaults:347: spec.o] Error 127
specmake[1]: Leaving directory '/mnt/seconddrive/Code/seguecg-root/segue-lfi/spec2017/benchspec/CPU/557.xz_r/build/build_base_lfi-gcc-baseline-m64.0000'
Stop make command: 2024-06-12 16:25:39 (1718227539.37682)
Elapsed time for make command: 00:00:00 (0.160213947296143)
Error with make 'specmake --output-sync --jobs=1 build':
  ----------------------------------------------------------------------------
  Please review this file:
    "/mnt/seconddrive/Code/seguecg-root/segue-lfi/spec2017/benchspec/CPU/557.xz_r/build/build_base_lfi-gcc-baseline-m64.0000/make.out"
  ----------------------------------------------------------------------------
  Command returned exit code 2
  Error with make!
  Compile for '557.xz_r' ended at: 2024-06-12 16:25:39 (1718227539)
  Elapsed compile for '557.xz_r': 00:00:00 (0)
*** Error building 557.xz_r base

Build successes for intrate: None
Build errors for intrate: 502.gcc_r(base; CE), 505.mcf_r(base; CE), 520.omnetpp_r(base; CE), 523.xalancbmk_r(base; CE), 525.x264_r(base; CE), 531.deepsjeng_r(base; CE), 541.leela_r(base; CE), 557.xz_r(base; CE)

NOTICE: Nothing to run!  No results will be generated.

runcpu finished at 2024-06-12 16:25:39; 4 total seconds elapsed
-------------------------------------------------------------------------------

Setting up environment for running 508.namd_r, 510.parest_r, 511.povray_r, 519.lbm_r, 538.imagick_r, 544.nab_r...
Starting runcpu for 508.namd_r, 510.parest_r, 511.povray_r, 519.lbm_r, 538.imagick_r, 544.nab_r...
Running "specperl /mnt/seconddrive/Code/seguecg-root/segue-lfi/spec2017/bin/sysinfo" to gather system information.
sysinfo: r6365 of 2019-08-21 (295195f888a3d7edb1e6e46a485a0011)
sysinfo: Getting system information for Linux...
sysinfo: ...getting CPU info
sysinfo: ...getting info from numactl
sysinfo: ...getting memory info
sysinfo: ...getting OS info
sysinfo: ...getting CPU vulnerability status from the kernel
sysinfo: ...getting disk info
sysinfo: ...trying to get info from /sys/devices/virtual/dmi/id
sysinfo: ...trying to get info from dmidecode
Retrieving flags file (/mnt/seconddrive/Code/seguecg-root/segue-lfi/spec2017/config/flags/gcc.xml)...
Verbosity = 5
Action    = validate
Tune      = base
Label     = lfi-gcc-baseline-m64
Size      = refrate
benchmarks= 508.namd_r,510.parest_r,511.povray_r,519.lbm_r,538.imagick_r,544.nab_r
outputs   = txt,html,cfg,pdf,csv
username  = shr
Environment settings:
LD_LIBRARY_PATH = "%{gcc_dir}/lib64/:%{gcc_dir}/lib/:/lib64"

Benchmarks selected: 508.namd_r, 510.parest_r, 511.povray_r, 519.lbm_r, 538.imagick_r, 544.nab_r
When checking executables (/mnt/seconddrive/Code/seguecg-root/segue-lfi/spec2017/benchspec/CPU/508.namd_r/exe/namd_r_base.lfi-gcc-baseline-m64), no checksums were
  found in the config file.  They will be installed after build.
When checking executables (/mnt/seconddrive/Code/seguecg-root/segue-lfi/spec2017/benchspec/CPU/510.parest_r/exe/parest_r_base.lfi-gcc-baseline-m64), no checksums were
  found in the config file.  They will be installed after build.
When checking executables (/mnt/seconddrive/Code/seguecg-root/segue-lfi/spec2017/benchspec/CPU/511.povray_r/exe/imagevalidate_511_base.lfi-gcc-baseline-m64,/mnt/seconddrive/Code/seguecg-root/segue-lfi/spec2017/benchspec/CPU/511.povray_r/exe/povray_r_base.lfi-gcc-baseline-m64), no checksums were
  found in the config file.  They will be installed after build.
When checking executables (/mnt/seconddrive/Code/seguecg-root/segue-lfi/spec2017/benchspec/CPU/519.lbm_r/exe/lbm_r_base.lfi-gcc-baseline-m64), no checksums were
  found in the config file.  They will be installed after build.
When checking executables (/mnt/seconddrive/Code/seguecg-root/segue-lfi/spec2017/benchspec/CPU/538.imagick_r/exe/imagevalidate_538_base.lfi-gcc-baseline-m64,/mnt/seconddrive/Code/seguecg-root/segue-lfi/spec2017/benchspec/CPU/538.imagick_r/exe/imagick_r_base.lfi-gcc-baseline-m64), no checksums were
  found in the config file.  They will be installed after build.
When checking executables (/mnt/seconddrive/Code/seguecg-root/segue-lfi/spec2017/benchspec/CPU/544.nab_r/exe/nab_r_base.lfi-gcc-baseline-m64), no checksums were
  found in the config file.  They will be installed after build.
When checking executables (/mnt/seconddrive/Code/seguecg-root/segue-lfi/spec2017/benchspec/CPU/508.namd_r/exe/namd_r_base.lfi-gcc-baseline-m64), no checksums were
  found in the config file.  They will be installed after build.
When checking executables (/mnt/seconddrive/Code/seguecg-root/segue-lfi/spec2017/benchspec/CPU/510.parest_r/exe/parest_r_base.lfi-gcc-baseline-m64), no checksums were
  found in the config file.  They will be installed after build.
When checking executables (/mnt/seconddrive/Code/seguecg-root/segue-lfi/spec2017/benchspec/CPU/511.povray_r/exe/imagevalidate_511_base.lfi-gcc-baseline-m64,/mnt/seconddrive/Code/seguecg-root/segue-lfi/spec2017/benchspec/CPU/511.povray_r/exe/povray_r_base.lfi-gcc-baseline-m64), no checksums were
  found in the config file.  They will be installed after build.
When checking executables (/mnt/seconddrive/Code/seguecg-root/segue-lfi/spec2017/benchspec/CPU/519.lbm_r/exe/lbm_r_base.lfi-gcc-baseline-m64), no checksums were
  found in the config file.  They will be installed after build.
When checking executables (/mnt/seconddrive/Code/seguecg-root/segue-lfi/spec2017/benchspec/CPU/538.imagick_r/exe/imagevalidate_538_base.lfi-gcc-baseline-m64,/mnt/seconddrive/Code/seguecg-root/segue-lfi/spec2017/benchspec/CPU/538.imagick_r/exe/imagick_r_base.lfi-gcc-baseline-m64), no checksums were
  found in the config file.  They will be installed after build.
When checking executables (/mnt/seconddrive/Code/seguecg-root/segue-lfi/spec2017/benchspec/CPU/544.nab_r/exe/nab_r_base.lfi-gcc-baseline-m64), no checksums were
  found in the config file.  They will be installed after build.
Compiling Binaries
------------------------------------------------------------------------
When checking options for /mnt/seconddrive/Code/seguecg-root/segue-lfi/spec2017/benchspec/CPU/508.namd_r/exe/namd_r_base.lfi-gcc-baseline-m64, no checksums were
  found in the config file.  They will be installed after build.
When checking executables (/mnt/seconddrive/Code/seguecg-root/segue-lfi/spec2017/benchspec/CPU/508.namd_r/exe/namd_r_base.lfi-gcc-baseline-m64), no checksums were
  found in the config file.  They will be installed after build.
  Building 508.namd_r base lfi-gcc-baseline-m64: (build_base_lfi-gcc-baseline-m64.0000) [2024-06-12 16:25:40]
  Compile for '508.namd_r' started at: 2024-06-12 16:25:40 (1718227540)
Issuing make.clean command 'specmake --output-sync --jobs=1 clean'
Start make.clean command: 2024-06-12 16:25:40 (1718227540.60661)
specmake[1]: Entering directory '/mnt/seconddrive/Code/seguecg-root/segue-lfi/spec2017/benchspec/CPU/508.namd_r/build/build_base_lfi-gcc-baseline-m64.0000'
rm -rf *.o  apoa1.train.output
find . \( -name \*.o -o -name '*.fppized.f*' -o -name '*.i' -o -name '*.mod' \) -print | xargs rm -rf
rm -rf namd_r
rm -rf namd_r.exe
rm -rf core
specmake[1]: Leaving directory '/mnt/seconddrive/Code/seguecg-root/segue-lfi/spec2017/benchspec/CPU/508.namd_r/build/build_base_lfi-gcc-baseline-m64.0000'
Stop make.clean command: 2024-06-12 16:25:40 (1718227540.77262)
Elapsed time for make.clean command: 00:00:00 (0.166019916534424)
Issuing make command 'specmake --output-sync --jobs=1 build'
Start make command: 2024-06-12 16:25:40 (1718227540.77366)
specmake[1]: Entering directory '/mnt/seconddrive/Code/seguecg-root/segue-lfi/spec2017/benchspec/CPU/508.namd_r/build/build_base_lfi-gcc-baseline-m64.0000'
/opt/lfi-amd64-baseline-old/bin/x86_64-linux-musl-g++ -std=c++03  -c -o Compute.o -DSPEC -DNDEBUG  -DNAMD_DISABLE_SSE -DSPEC_AUTO_SUPPRESS_OPENMP -O3 -fomit-frame-pointer -flto         -DSPEC_LP64  Compute.C
specmake[1]: /opt/lfi-amd64-baseline-old/bin/x86_64-linux-musl-g++: Command not found
specmake[1]: *** [/mnt/seconddrive/Code/seguecg-root/segue-lfi/spec2017/benchspec/Makefile.defaults:361: Compute.o] Error 127
specmake[1]: Leaving directory '/mnt/seconddrive/Code/seguecg-root/segue-lfi/spec2017/benchspec/CPU/508.namd_r/build/build_base_lfi-gcc-baseline-m64.0000'
Stop make command: 2024-06-12 16:25:40 (1718227540.93453)
Elapsed time for make command: 00:00:00 (0.160869121551514)
Error with make 'specmake --output-sync --jobs=1 build':
  ----------------------------------------------------------------------------
  Please review this file:
    "/mnt/seconddrive/Code/seguecg-root/segue-lfi/spec2017/benchspec/CPU/508.namd_r/build/build_base_lfi-gcc-baseline-m64.0000/make.out"
  ----------------------------------------------------------------------------
  Command returned exit code 2
  Error with make!
  Compile for '508.namd_r' ended at: 2024-06-12 16:25:40 (1718227540)
  Elapsed compile for '508.namd_r': 00:00:00 (0)
*** Error building 508.namd_r base
------------------------------------------------------------------------
When checking options for /mnt/seconddrive/Code/seguecg-root/segue-lfi/spec2017/benchspec/CPU/510.parest_r/exe/parest_r_base.lfi-gcc-baseline-m64, no checksums were
  found in the config file.  They will be installed after build.
When checking executables (/mnt/seconddrive/Code/seguecg-root/segue-lfi/spec2017/benchspec/CPU/510.parest_r/exe/parest_r_base.lfi-gcc-baseline-m64), no checksums were
  found in the config file.  They will be installed after build.
  Building 510.parest_r base lfi-gcc-baseline-m64: (build_base_lfi-gcc-baseline-m64.0000) [2024-06-12 16:25:40]
  Compile for '510.parest_r' started at: 2024-06-12 16:25:41 (1718227541)
Issuing make.clean command 'specmake --output-sync --jobs=1 clean'
Start make.clean command: 2024-06-12 16:25:41 (1718227541.19423)
specmake[1]: Entering directory '/mnt/seconddrive/Code/seguecg-root/segue-lfi/spec2017/benchspec/CPU/510.parest_r/build/build_base_lfi-gcc-baseline-m64.0000'
rm -rf *.o  001-m0.vtk 002-m0.vtk log me.prm statistics
find . \( -name \*.o -o -name '*.fppized.f*' -o -name '*.i' -o -name '*.mod' \) -print | xargs rm -rf
rm -rf parest_r
rm -rf parest_r.exe
rm -rf core
specmake[1]: Leaving directory '/mnt/seconddrive/Code/seguecg-root/segue-lfi/spec2017/benchspec/CPU/510.parest_r/build/build_base_lfi-gcc-baseline-m64.0000'
Stop make.clean command: 2024-06-12 16:25:41 (1718227541.36434)
Elapsed time for make.clean command: 00:00:00 (0.170103073120117)
Issuing make command 'specmake --output-sync --jobs=1 build'
Start make command: 2024-06-12 16:25:41 (1718227541.36535)
specmake[1]: Entering directory '/mnt/seconddrive/Code/seguecg-root/segue-lfi/spec2017/benchspec/CPU/510.parest_r/build/build_base_lfi-gcc-baseline-m64.0000'
/opt/lfi-amd64-baseline-old/bin/x86_64-linux-musl-g++ -std=c++03  -c -o source/base/auto_derivative_function.o -DSPEC -DNDEBUG -Iinclude -I. -DSPEC_AUTO_SUPPRESS_OPENMP  -O3 -fomit-frame-pointer -flto         -DSPEC_LP64  source/base/auto_derivative_function.cc
specmake[1]: /opt/lfi-amd64-baseline-old/bin/x86_64-linux-musl-g++: Command not found
specmake[1]: *** [/mnt/seconddrive/Code/seguecg-root/segue-lfi/spec2017/benchspec/Makefile.defaults:356: source/base/auto_derivative_function.o] Error 127
specmake[1]: Leaving directory '/mnt/seconddrive/Code/seguecg-root/segue-lfi/spec2017/benchspec/CPU/510.parest_r/build/build_base_lfi-gcc-baseline-m64.0000'
Stop make command: 2024-06-12 16:25:41 (1718227541.52577)
Elapsed time for make command: 00:00:00 (0.160420894622803)
Error with make 'specmake --output-sync --jobs=1 build':
  ----------------------------------------------------------------------------
  Please review this file:
    "/mnt/seconddrive/Code/seguecg-root/segue-lfi/spec2017/benchspec/CPU/510.parest_r/build/build_base_lfi-gcc-baseline-m64.0000/make.out"
  ----------------------------------------------------------------------------
  Command returned exit code 2
  Error with make!
  Compile for '510.parest_r' ended at: 2024-06-12 16:25:41 (1718227541)
  Elapsed compile for '510.parest_r': 00:00:00 (0)
*** Error building 510.parest_r base
------------------------------------------------------------------------
When checking options for /mnt/seconddrive/Code/seguecg-root/segue-lfi/spec2017/benchspec/CPU/511.povray_r/exe/imagevalidate_511_base.lfi-gcc-baseline-m64,/mnt/seconddrive/Code/seguecg-root/segue-lfi/spec2017/benchspec/CPU/511.povray_r/exe/povray_r_base.lfi-gcc-baseline-m64, no checksums were
  found in the config file.  They will be installed after build.
When checking executables (/mnt/seconddrive/Code/seguecg-root/segue-lfi/spec2017/benchspec/CPU/511.povray_r/exe/imagevalidate_511_base.lfi-gcc-baseline-m64,/mnt/seconddrive/Code/seguecg-root/segue-lfi/spec2017/benchspec/CPU/511.povray_r/exe/povray_r_base.lfi-gcc-baseline-m64), no checksums were
  found in the config file.  They will be installed after build.
  Building 511.povray_r base lfi-gcc-baseline-m64: (build_base_lfi-gcc-baseline-m64.0000) [2024-06-12 16:25:41]
  Compile for '511.povray_r' started at: 2024-06-12 16:25:41 (1718227541)
Issuing make.clean.imagevalidate_511 command 'specmake --output-sync --jobs=1 clean TARGET=imagevalidate_511'
Start make.clean.imagevalidate_511 command: 2024-06-12 16:25:41 (1718227541.6054)
specmake[1]: Entering directory '/mnt/seconddrive/Code/seguecg-root/segue-lfi/spec2017/benchspec/CPU/511.povray_r/build/build_base_lfi-gcc-baseline-m64.0000'
rm -rf *.o  imagevalidate_SPEC-benchmark.tga.out
Info: file_tail(4191973): file 'make.clean.imagevalidate_511.out' was removed and will no longer be followed.  No action is required.
Stop make.clean.imagevalidate_511 command: 2024-06-12 16:25:41 (1718227541.77016)
Elapsed time for make.clean.imagevalidate_511 command: 00:00:00 (0.164760112762451)
Issuing make.clean.povray_r command 'specmake --output-sync --jobs=1 clean TARGET=povray_r'
Start make.clean.povray_r command: 2024-06-12 16:25:41 (1718227541.77183)
Stop make.clean.povray_r command: 2024-06-12 16:25:41 (1718227541.9389)
Elapsed time for make.clean.povray_r command: 00:00:00 (0.167066097259521)
Issuing make.imagevalidate_511 command 'specmake --output-sync --jobs=1 build TARGET=imagevalidate_511'
Start make.imagevalidate_511 command: 2024-06-12 16:25:41 (1718227541.94027)
specmake[1]: Entering directory '/mnt/seconddrive/Code/seguecg-root/segue-lfi/spec2017/benchspec/CPU/511.povray_r/build/build_base_lfi-gcc-baseline-m64.0000'
/opt/lfi-amd64-baseline-old/bin/x86_64-linux-musl-gcc     -std=c99    -c -o image_validator/ImageValidator.o -DSPEC -DNDEBUG -Ifrontend -Ibase -I. -Ispec_qsort -DSPEC_AUTO_SUPPRESS_OPENMP  -O3 -fomit-frame-pointer -flto               -DSPEC_LP64  image_validator/ImageValidator.c
specmake[1]: /opt/lfi-amd64-baseline-old/bin/x86_64-linux-musl-gcc: Command not found
specmake[1]: *** [/mnt/seconddrive/Code/seguecg-root/segue-lfi/spec2017/benchspec/Makefile.defaults:347: image_validator/ImageValidator.o] Error 127
specmake[1]: Leaving directory '/mnt/seconddrive/Code/seguecg-root/segue-lfi/spec2017/benchspec/CPU/511.povray_r/build/build_base_lfi-gcc-baseline-m64.0000'
Stop make.imagevalidate_511 command: 2024-06-12 16:25:42 (1718227542.10107)
Elapsed time for make.imagevalidate_511 command: 00:00:00 (0.160799980163574)
Error with make.imagevalidate_511 'specmake --output-sync --jobs=1 build TARGET=imagevalidate_511':
  ----------------------------------------------------------------------------
  Please review this file:
    "/mnt/seconddrive/Code/seguecg-root/segue-lfi/spec2017/benchspec/CPU/511.povray_r/build/build_base_lfi-gcc-baseline-m64.0000/make.imagevalidate_511.out"
  ----------------------------------------------------------------------------
  Command returned exit code 2
  Error with make!
  Compile for '511.povray_r' ended at: 2024-06-12 16:25:42 (1718227542)
  Elapsed compile for '511.povray_r': 00:00:01 (1)
*** Error building 511.povray_r base
------------------------------------------------------------------------
When checking options for /mnt/seconddrive/Code/seguecg-root/segue-lfi/spec2017/benchspec/CPU/519.lbm_r/exe/lbm_r_base.lfi-gcc-baseline-m64, no checksums were
  found in the config file.  They will be installed after build.
When checking executables (/mnt/seconddrive/Code/seguecg-root/segue-lfi/spec2017/benchspec/CPU/519.lbm_r/exe/lbm_r_base.lfi-gcc-baseline-m64), no checksums were
  found in the config file.  They will be installed after build.
  Building 519.lbm_r base lfi-gcc-baseline-m64: (build_base_lfi-gcc-baseline-m64.0000) [2024-06-12 16:25:42]
  Compile for '519.lbm_r' started at: 2024-06-12 16:25:42 (1718227542)
Issuing make.clean command 'specmake --output-sync --jobs=1 clean'
Start make.clean command: 2024-06-12 16:25:42 (1718227542.13217)
specmake[1]: Entering directory '/mnt/seconddrive/Code/seguecg-root/segue-lfi/spec2017/benchspec/CPU/519.lbm_r/build/build_base_lfi-gcc-baseline-m64.0000'
rm -rf *.o  lbm.out
find . \( -name \*.o -o -name '*.fppized.f*' -o -name '*.i' -o -name '*.mod' \) -print | xargs rm -rf
rm -rf lbm_r
rm -rf lbm_r.exe
rm -rf core
specmake[1]: Leaving directory '/mnt/seconddrive/Code/seguecg-root/segue-lfi/spec2017/benchspec/CPU/519.lbm_r/build/build_base_lfi-gcc-baseline-m64.0000'
Stop make.clean command: 2024-06-12 16:25:42 (1718227542.29608)
Elapsed time for make.clean command: 00:00:00 (0.163906097412109)
Issuing make command 'specmake --output-sync --jobs=1 build'
Start make command: 2024-06-12 16:25:42 (1718227542.29709)
specmake[1]: Entering directory '/mnt/seconddrive/Code/seguecg-root/segue-lfi/spec2017/benchspec/CPU/519.lbm_r/build/build_base_lfi-gcc-baseline-m64.0000'
/opt/lfi-amd64-baseline-old/bin/x86_64-linux-musl-gcc     -std=c99    -c -o lbm.o -DSPEC -DNDEBUG -DSPEC_AUTO_SUPPRESS_OPENMP  -O3 -fomit-frame-pointer -flto               -DSPEC_LP64  lbm.c
specmake[1]: /opt/lfi-amd64-baseline-old/bin/x86_64-linux-musl-gcc: Command not found
specmake[1]: *** [/mnt/seconddrive/Code/seguecg-root/segue-lfi/spec2017/benchspec/Makefile.defaults:347: lbm.o] Error 127
specmake[1]: Leaving directory '/mnt/seconddrive/Code/seguecg-root/segue-lfi/spec2017/benchspec/CPU/519.lbm_r/build/build_base_lfi-gcc-baseline-m64.0000'
Stop make command: 2024-06-12 16:25:42 (1718227542.45647)
Elapsed time for make command: 00:00:00 (0.159382820129395)
Error with make 'specmake --output-sync --jobs=1 build':
  ----------------------------------------------------------------------------
  Please review this file:
    "/mnt/seconddrive/Code/seguecg-root/segue-lfi/spec2017/benchspec/CPU/519.lbm_r/build/build_base_lfi-gcc-baseline-m64.0000/make.out"
  ----------------------------------------------------------------------------
  Command returned exit code 2
  Error with make!
  Compile for '519.lbm_r' ended at: 2024-06-12 16:25:42 (1718227542)
  Elapsed compile for '519.lbm_r': 00:00:00 (0)
*** Error building 519.lbm_r base
------------------------------------------------------------------------
When checking options for /mnt/seconddrive/Code/seguecg-root/segue-lfi/spec2017/benchspec/CPU/538.imagick_r/exe/imagevalidate_538_base.lfi-gcc-baseline-m64,/mnt/seconddrive/Code/seguecg-root/segue-lfi/spec2017/benchspec/CPU/538.imagick_r/exe/imagick_r_base.lfi-gcc-baseline-m64, no checksums were
  found in the config file.  They will be installed after build.
When checking executables (/mnt/seconddrive/Code/seguecg-root/segue-lfi/spec2017/benchspec/CPU/538.imagick_r/exe/imagevalidate_538_base.lfi-gcc-baseline-m64,/mnt/seconddrive/Code/seguecg-root/segue-lfi/spec2017/benchspec/CPU/538.imagick_r/exe/imagick_r_base.lfi-gcc-baseline-m64), no checksums were
  found in the config file.  They will be installed after build.
  Building 538.imagick_r base lfi-gcc-baseline-m64: (build_base_lfi-gcc-baseline-m64.0000) [2024-06-12 16:25:42]
  Compile for '538.imagick_r' started at: 2024-06-12 16:25:42 (1718227542)
Issuing make.clean.imagevalidate_538 command 'specmake --output-sync --jobs=1 clean TARGET=imagevalidate_538'
Start make.clean.imagevalidate_538 command: 2024-06-12 16:25:42 (1718227542.53083)
specmake[1]: Entering directory '/mnt/seconddrive/Code/seguecg-root/segue-lfi/spec2017/benchspec/CPU/538.imagick_r/build/build_base_lfi-gcc-baseline-m64.0000'
rm -rf *.o  train_validate.out
Info: file_tail(4192017): file 'make.clean.imagevalidate_538.out' was removed and will no longer be followed.  No action is required.
Stop make.clean.imagevalidate_538 command: 2024-06-12 16:25:42 (1718227542.69551)
Elapsed time for make.clean.imagevalidate_538 command: 00:00:00 (0.164674997329712)
Issuing make.clean.imagick_r command 'specmake --output-sync --jobs=1 clean TARGET=imagick_r'
Start make.clean.imagick_r command: 2024-06-12 16:25:42 (1718227542.69672)
Stop make.clean.imagick_r command: 2024-06-12 16:25:42 (1718227542.8631)
Elapsed time for make.clean.imagick_r command: 00:00:00 (0.166379928588867)
Issuing make.imagevalidate_538 command 'specmake --output-sync --jobs=1 build TARGET=imagevalidate_538'
Start make.imagevalidate_538 command: 2024-06-12 16:25:42 (1718227542.86433)
specmake[1]: Entering directory '/mnt/seconddrive/Code/seguecg-root/segue-lfi/spec2017/benchspec/CPU/538.imagick_r/build/build_base_lfi-gcc-baseline-m64.0000'
/opt/lfi-amd64-baseline-old/bin/x86_64-linux-musl-gcc     -std=c99    -c -o image_validator/ImageValidator.o -DSPEC -DNDEBUG -I. -DSPEC_AUTO_SUPPRESS_OPENMP  -O3 -fomit-frame-pointer -flto               -DSPEC_LP64  image_validator/ImageValidator.c
specmake[1]: /opt/lfi-amd64-baseline-old/bin/x86_64-linux-musl-gcc: Command not found
specmake[1]: *** [/mnt/seconddrive/Code/seguecg-root/segue-lfi/spec2017/benchspec/Makefile.defaults:347: image_validator/ImageValidator.o] Error 127
specmake[1]: Leaving directory '/mnt/seconddrive/Code/seguecg-root/segue-lfi/spec2017/benchspec/CPU/538.imagick_r/build/build_base_lfi-gcc-baseline-m64.0000'
Stop make.imagevalidate_538 command: 2024-06-12 16:25:43 (1718227543.02341)
Elapsed time for make.imagevalidate_538 command: 00:00:00 (0.159088850021362)
Error with make.imagevalidate_538 'specmake --output-sync --jobs=1 build TARGET=imagevalidate_538':
  ----------------------------------------------------------------------------
  Please review this file:
    "/mnt/seconddrive/Code/seguecg-root/segue-lfi/spec2017/benchspec/CPU/538.imagick_r/build/build_base_lfi-gcc-baseline-m64.0000/make.imagevalidate_538.out"
  ----------------------------------------------------------------------------
  Command returned exit code 2
  Error with make!
  Compile for '538.imagick_r' ended at: 2024-06-12 16:25:43 (1718227543)
  Elapsed compile for '538.imagick_r': 00:00:01 (1)
*** Error building 538.imagick_r base
------------------------------------------------------------------------
When checking options for /mnt/seconddrive/Code/seguecg-root/segue-lfi/spec2017/benchspec/CPU/544.nab_r/exe/nab_r_base.lfi-gcc-baseline-m64, no checksums were
  found in the config file.  They will be installed after build.
When checking executables (/mnt/seconddrive/Code/seguecg-root/segue-lfi/spec2017/benchspec/CPU/544.nab_r/exe/nab_r_base.lfi-gcc-baseline-m64), no checksums were
  found in the config file.  They will be installed after build.
  Building 544.nab_r base lfi-gcc-baseline-m64: (build_base_lfi-gcc-baseline-m64.0000) [2024-06-12 16:25:43]
  Compile for '544.nab_r' started at: 2024-06-12 16:25:43 (1718227543)
Issuing make.clean command 'specmake --output-sync --jobs=1 clean'
Start make.clean command: 2024-06-12 16:25:43 (1718227543.04979)
specmake[1]: Entering directory '/mnt/seconddrive/Code/seguecg-root/segue-lfi/spec2017/benchspec/CPU/544.nab_r/build/build_base_lfi-gcc-baseline-m64.0000'
rm -rf *.o  aminos.out gcn4dna.out
find . \( -name \*.o -o -name '*.fppized.f*' -o -name '*.i' -o -name '*.mod' \) -print | xargs rm -rf
rm -rf nab_r
rm -rf nab_r.exe
rm -rf core
specmake[1]: Leaving directory '/mnt/seconddrive/Code/seguecg-root/segue-lfi/spec2017/benchspec/CPU/544.nab_r/build/build_base_lfi-gcc-baseline-m64.0000'
Stop make.clean command: 2024-06-12 16:25:43 (1718227543.21533)
Elapsed time for make.clean command: 00:00:00 (0.165534973144531)
Issuing make command 'specmake --output-sync --jobs=1 build'
Start make command: 2024-06-12 16:25:43 (1718227543.2164)
specmake[1]: Entering directory '/mnt/seconddrive/Code/seguecg-root/segue-lfi/spec2017/benchspec/CPU/544.nab_r/build/build_base_lfi-gcc-baseline-m64.0000'
/opt/lfi-amd64-baseline-old/bin/x86_64-linux-musl-gcc     -std=c99    -c -o nabmd.o -DSPEC -DNDEBUG -Ispecrand -Iregex-alpha -DNDEBUG -DNOPERFLIB -DNOREDUCE -DSPEC_AUTO_SUPPRESS_OPENMP  -O3 -fomit-frame-pointer -flto               -DSPEC_LP64  nabmd.c
specmake[1]: /opt/lfi-amd64-baseline-old/bin/x86_64-linux-musl-gcc: Command not found
specmake[1]: *** [/mnt/seconddrive/Code/seguecg-root/segue-lfi/spec2017/benchspec/Makefile.defaults:347: nabmd.o] Error 127
specmake[1]: Leaving directory '/mnt/seconddrive/Code/seguecg-root/segue-lfi/spec2017/benchspec/CPU/544.nab_r/build/build_base_lfi-gcc-baseline-m64.0000'
Stop make command: 2024-06-12 16:25:43 (1718227543.37545)
Elapsed time for make command: 00:00:00 (0.159045934677124)
Error with make 'specmake --output-sync --jobs=1 build':
  ----------------------------------------------------------------------------
  Please review this file:
    "/mnt/seconddrive/Code/seguecg-root/segue-lfi/spec2017/benchspec/CPU/544.nab_r/build/build_base_lfi-gcc-baseline-m64.0000/make.out"
  ----------------------------------------------------------------------------
  Command returned exit code 2
  Error with make!
  Compile for '544.nab_r' ended at: 2024-06-12 16:25:43 (1718227543)
  Elapsed compile for '544.nab_r': 00:00:00 (0)
*** Error building 544.nab_r base

Build successes for fprate: None
Build errors for fprate: 508.namd_r(base; CE), 510.parest_r(base; CE), 511.povray_r(base; CE), 519.lbm_r(base; CE), 538.imagick_r(base; CE), 544.nab_r(base; CE)

NOTICE: Nothing to run!  No results will be generated.

runcpu finished at 2024-06-12 16:25:43; 3 total seconds elapsed
The log for this run is in /mnt/seconddrive/Code/seguecg-root/segue-lfi/spec2017/result/CPU2017.002.log

runcpu finished at 2024-06-12 16:25:43; 9 total seconds elapsed
